{"/Users/aldrichallenbarcenas/develop/ai-workflow-template/scripts/bump-version.js": {"path":"/Users/aldrichallenbarcenas/develop/ai-workflow-template/scripts/bump-version.js","statementMap":{"0":{"start":{"line":6,"column":17},"end":{"line":6,"column":null}},"1":{"start":{"line":7,"column":15},"end":{"line":7,"column":null}},"2":{"start":{"line":9,"column":12},"end":{"line":9,"column":null}},"3":{"start":{"line":10,"column":16},"end":{"line":10,"column":null}},"4":{"start":{"line":11,"column":29},"end":{"line":11,"column":null}},"5":{"start":{"line":13,"column":16},"end":{"line":13,"column":null}},"6":{"start":{"line":14,"column":0},"end":{"line":19,"column":null}},"7":{"start":{"line":15,"column":18},"end":{"line":15,"column":null}},"8":{"start":{"line":16,"column":2},"end":{"line":16,"column":null}},"9":{"start":{"line":22,"column":2},"end":{"line":24,"column":37}},"10":{"start":{"line":26,"column":0},"end":{"line":26,"column":null}},"11":{"start":{"line":27,"column":0},"end":{"line":27,"column":null}},"12":{"start":{"line":28,"column":0},"end":{"line":28,"column":null}},"13":{"start":{"line":29,"column":0},"end":{"line":29,"column":null}}},"fnMap":{},"branchMap":{"0":{"loc":{"start":{"line":22,"column":2},"end":{"line":24,"column":37}},"type":"cond-expr","locations":[{"start":{"line":23,"column":6},"end":{"line":23,"column":23}},{"start":{"line":24,"column":6},"end":{"line":24,"column":37}}],"line":22}},"s":{"0":0,"1":0,"2":0,"3":0,"4":0,"5":0,"6":0,"7":0,"8":0,"9":0,"10":0,"11":0,"12":0,"13":0},"f":{},"b":{"0":[0,0]},"meta":{"lastBranch":1,"lastFunction":0,"lastStatement":14,"seen":{"s:6:17:6:Infinity":0,"s:7:15:7:Infinity":1,"s:9:12:9:Infinity":2,"s:10:16:10:Infinity":3,"s:11:29:11:Infinity":4,"s:13:16:13:Infinity":5,"s:14:0:19:Infinity":6,"s:15:18:15:Infinity":7,"s:16:2:16:Infinity":8,"s:22:2:24:37":9,"b:23:6:23:23:24:6:24:37":0,"s:26:0:26:Infinity":10,"s:27:0:27:Infinity":11,"s:28:0:28:Infinity":12,"s:29:0:29:Infinity":13},"fnNames":{}}}
,"/Users/aldrichallenbarcenas/develop/ai-workflow-template/scripts/sync.js": {"path":"/Users/aldrichallenbarcenas/develop/ai-workflow-template/scripts/sync.js","statementMap":{"0":{"start":{"line":6,"column":17},"end":{"line":6,"column":null}},"1":{"start":{"line":7,"column":19},"end":{"line":7,"column":null}},"2":{"start":{"line":8,"column":23},"end":{"line":8,"column":null}},"3":{"start":{"line":9,"column":21},"end":{"line":9,"column":null}},"4":{"start":{"line":10,"column":23},"end":{"line":10,"column":null}},"5":{"start":{"line":11,"column":20},"end":{"line":11,"column":null}},"6":{"start":{"line":12,"column":30},"end":{"line":12,"column":null}},"7":{"start":{"line":13,"column":13},"end":{"line":13,"column":null}},"8":{"start":{"line":14,"column":23},"end":{"line":14,"column":null}},"9":{"start":{"line":15,"column":15},"end":{"line":15,"column":null}},"10":{"start":{"line":18,"column":18},"end":{"line":18,"column":null}},"11":{"start":{"line":19,"column":2},"end":{"line":19,"column":null}},"12":{"start":{"line":23,"column":17},"end":{"line":23,"column":null}},"13":{"start":{"line":24,"column":16},"end":{"line":24,"column":null}},"14":{"start":{"line":26,"column":2},"end":{"line":36,"column":null}},"15":{"start":{"line":27,"column":21},"end":{"line":27,"column":null}},"16":{"start":{"line":28,"column":4},"end":{"line":31,"column":null}},"17":{"start":{"line":29,"column":6},"end":{"line":29,"column":null}},"18":{"start":{"line":30,"column":6},"end":{"line":30,"column":null}},"19":{"start":{"line":33,"column":4},"end":{"line":35,"column":null}},"20":{"start":{"line":34,"column":6},"end":{"line":34,"column":null}},"21":{"start":{"line":38,"column":2},"end":{"line":38,"column":null}},"22":{"start":{"line":42,"column":2},"end":{"line":44,"column":null}},"23":{"start":{"line":43,"column":4},"end":{"line":43,"column":null}},"24":{"start":{"line":46,"column":2},"end":{"line":59,"column":null}},"25":{"start":{"line":47,"column":21},"end":{"line":47,"column":null}},"26":{"start":{"line":48,"column":4},"end":{"line":50,"column":null}},"27":{"start":{"line":49,"column":6},"end":{"line":49,"column":null}},"28":{"start":{"line":52,"column":4},"end":{"line":54,"column":null}},"29":{"start":{"line":53,"column":6},"end":{"line":53,"column":null}},"30":{"start":{"line":56,"column":4},"end":{"line":56,"column":null}},"31":{"start":{"line":58,"column":4},"end":{"line":58,"column":null}},"32":{"start":{"line":63,"column":1},"end":{"line":63,"column":null}},"33":{"start":{"line":67,"column":1},"end":{"line":67,"column":null}},"34":{"start":{"line":71,"column":2},"end":{"line":73,"column":null}},"35":{"start":{"line":72,"column":4},"end":{"line":72,"column":null}},"36":{"start":{"line":75,"column":2},"end":{"line":75,"column":null}},"37":{"start":{"line":76,"column":1},"end":{"line":76,"column":null}},"38":{"start":{"line":79,"column":18},"end":{"line":79,"column":null}},"39":{"start":{"line":81,"column":0},"end":{"line":84,"column":null}},"40":{"start":{"line":82,"column":2},"end":{"line":82,"column":null}},"41":{"start":{"line":83,"column":2},"end":{"line":83,"column":null}},"42":{"start":{"line":86,"column":17},"end":{"line":86,"column":null}},"43":{"start":{"line":87,"column":20},"end":{"line":87,"column":null}},"44":{"start":{"line":88,"column":13},"end":{"line":88,"column":null}},"45":{"start":{"line":89,"column":14},"end":{"line":89,"column":null}},"46":{"start":{"line":90,"column":12},"end":{"line":90,"column":null}},"47":{"start":{"line":94,"column":0},"end":{"line":125,"column":null}},"48":{"start":{"line":95,"column":22},"end":{"line":95,"column":null}},"49":{"start":{"line":96,"column":2},"end":{"line":98,"column":null}},"50":{"start":{"line":97,"column":4},"end":{"line":97,"column":null}},"51":{"start":{"line":100,"column":20},"end":{"line":100,"column":null}},"52":{"start":{"line":101,"column":21},"end":{"line":101,"column":null}},"53":{"start":{"line":102,"column":22},"end":{"line":102,"column":null}},"54":{"start":{"line":103,"column":21},"end":{"line":103,"column":null}},"55":{"start":{"line":104,"column":23},"end":{"line":104,"column":null}},"56":{"start":{"line":106,"column":2},"end":{"line":112,"column":null}},"57":{"start":{"line":107,"column":4},"end":{"line":107,"column":null}},"58":{"start":{"line":108,"column":4},"end":{"line":108,"column":null}},"59":{"start":{"line":109,"column":4},"end":{"line":109,"column":null}},"60":{"start":{"line":110,"column":4},"end":{"line":110,"column":null}},"61":{"start":{"line":111,"column":4},"end":{"line":111,"column":null}},"62":{"start":{"line":114,"column":22},"end":{"line":114,"column":null}},"63":{"start":{"line":116,"column":2},"end":{"line":121,"column":null}},"64":{"start":{"line":117,"column":4},"end":{"line":117,"column":null}},"65":{"start":{"line":118,"column":4},"end":{"line":118,"column":null}},"66":{"start":{"line":119,"column":4},"end":{"line":119,"column":null}},"67":{"start":{"line":120,"column":4},"end":{"line":120,"column":null}},"68":{"start":{"line":123,"column":2},"end":{"line":123,"column":null}},"69":{"start":{"line":124,"column":2},"end":{"line":124,"column":null}},"70":{"start":{"line":129,"column":25},"end":{"line":129,"column":null}},"71":{"start":{"line":130,"column":25},"end":{"line":130,"column":null}},"72":{"start":{"line":132,"column":0},"end":{"line":167,"column":null}},"73":{"start":{"line":133,"column":24},"end":{"line":133,"column":null}},"74":{"start":{"line":135,"column":2},"end":{"line":166,"column":null}},"75":{"start":{"line":136,"column":24},"end":{"line":136,"column":null}},"76":{"start":{"line":137,"column":4},"end":{"line":139,"column":null}},"77":{"start":{"line":138,"column":6},"end":{"line":138,"column":null}},"78":{"start":{"line":141,"column":22},"end":{"line":141,"column":null}},"79":{"start":{"line":142,"column":23},"end":{"line":142,"column":null}},"80":{"start":{"line":143,"column":24},"end":{"line":143,"column":null}},"81":{"start":{"line":144,"column":23},"end":{"line":144,"column":null}},"82":{"start":{"line":145,"column":25},"end":{"line":145,"column":null}},"83":{"start":{"line":147,"column":4},"end":{"line":153,"column":null}},"84":{"start":{"line":148,"column":6},"end":{"line":148,"column":null}},"85":{"start":{"line":149,"column":6},"end":{"line":149,"column":null}},"86":{"start":{"line":150,"column":6},"end":{"line":150,"column":null}},"87":{"start":{"line":151,"column":6},"end":{"line":151,"column":null}},"88":{"start":{"line":152,"column":6},"end":{"line":152,"column":null}},"89":{"start":{"line":155,"column":24},"end":{"line":155,"column":null}},"90":{"start":{"line":157,"column":4},"end":{"line":162,"column":null}},"91":{"start":{"line":158,"column":6},"end":{"line":158,"column":null}},"92":{"start":{"line":159,"column":6},"end":{"line":159,"column":null}},"93":{"start":{"line":160,"column":6},"end":{"line":160,"column":null}},"94":{"start":{"line":161,"column":6},"end":{"line":161,"column":null}},"95":{"start":{"line":164,"column":4},"end":{"line":164,"column":null}},"96":{"start":{"line":165,"column":4},"end":{"line":165,"column":null}},"97":{"start":{"line":169,"column":0},"end":{"line":200,"column":null}},"98":{"start":{"line":170,"column":20},"end":{"line":170,"column":null}},"99":{"start":{"line":171,"column":2},"end":{"line":173,"column":null}},"100":{"start":{"line":172,"column":4},"end":{"line":172,"column":null}},"101":{"start":{"line":175,"column":20},"end":{"line":175,"column":null}},"102":{"start":{"line":176,"column":21},"end":{"line":176,"column":null}},"103":{"start":{"line":177,"column":22},"end":{"line":177,"column":null}},"104":{"start":{"line":178,"column":21},"end":{"line":178,"column":null}},"105":{"start":{"line":179,"column":23},"end":{"line":179,"column":null}},"106":{"start":{"line":181,"column":2},"end":{"line":187,"column":null}},"107":{"start":{"line":182,"column":4},"end":{"line":182,"column":null}},"108":{"start":{"line":183,"column":4},"end":{"line":183,"column":null}},"109":{"start":{"line":184,"column":4},"end":{"line":184,"column":null}},"110":{"start":{"line":185,"column":4},"end":{"line":185,"column":null}},"111":{"start":{"line":186,"column":4},"end":{"line":186,"column":null}},"112":{"start":{"line":189,"column":22},"end":{"line":189,"column":null}},"113":{"start":{"line":191,"column":2},"end":{"line":196,"column":null}},"114":{"start":{"line":192,"column":4},"end":{"line":192,"column":null}},"115":{"start":{"line":193,"column":4},"end":{"line":193,"column":null}},"116":{"start":{"line":194,"column":4},"end":{"line":194,"column":null}},"117":{"start":{"line":195,"column":4},"end":{"line":195,"column":null}},"118":{"start":{"line":198,"column":2},"end":{"line":198,"column":null}},"119":{"start":{"line":199,"column":2},"end":{"line":199,"column":null}},"120":{"start":{"line":204,"column":24},"end":{"line":254,"column":null}},"121":{"start":{"line":256,"column":21},"end":{"line":256,"column":null}},"122":{"start":{"line":257,"column":17},"end":{"line":257,"column":null}},"123":{"start":{"line":259,"column":0},"end":{"line":271,"column":null}},"124":{"start":{"line":260,"column":20},"end":{"line":260,"column":null}},"125":{"start":{"line":261,"column":21},"end":{"line":261,"column":null}},"126":{"start":{"line":263,"column":2},"end":{"line":265,"column":null}},"127":{"start":{"line":264,"column":4},"end":{"line":264,"column":null}},"128":{"start":{"line":267,"column":2},"end":{"line":267,"column":null}},"129":{"start":{"line":268,"column":1},"end":{"line":268,"column":null}},"130":{"start":{"line":269,"column":2},"end":{"line":269,"column":null}},"131":{"start":{"line":270,"column":2},"end":{"line":270,"column":null}},"132":{"start":{"line":275,"column":22},"end":{"line":275,"column":null}},"133":{"start":{"line":276,"column":21},"end":{"line":276,"column":null}},"134":{"start":{"line":277,"column":22},"end":{"line":277,"column":null}},"135":{"start":{"line":279,"column":0},"end":{"line":283,"column":null}},"136":{"start":{"line":280,"column":1},"end":{"line":280,"column":null}},"137":{"start":{"line":281,"column":2},"end":{"line":281,"column":null}},"138":{"start":{"line":282,"column":2},"end":{"line":282,"column":null}},"139":{"start":{"line":285,"column":0},"end":{"line":287,"column":null}},"140":{"start":{"line":286,"column":2},"end":{"line":286,"column":null}},"141":{"start":{"line":289,"column":18},"end":{"line":289,"column":null}},"142":{"start":{"line":290,"column":0},"end":{"line":290,"column":null}}},"fnMap":{"0":{"name":"hashFile","decl":{"start":{"line":17,"column":9},"end":{"line":17,"column":17}},"loc":{"start":{"line":17,"column":28},"end":{"line":20,"column":null}},"line":17},"1":{"name":"collectFiles","decl":{"start":{"line":22,"column":9},"end":{"line":22,"column":21}},"loc":{"start":{"line":22,"column":33},"end":{"line":39,"column":null}},"line":22},"2":{"name":"readManifest","decl":{"start":{"line":41,"column":9},"end":{"line":41,"column":21}},"loc":{"start":{"line":41,"column":24},"end":{"line":60,"column":null}},"line":41},"3":{"name":"writeManifest","decl":{"start":{"line":62,"column":9},"end":{"line":62,"column":22}},"loc":{"start":{"line":62,"column":33},"end":{"line":64,"column":null}},"line":62},"4":{"name":"ensureParentDirectory","decl":{"start":{"line":66,"column":9},"end":{"line":66,"column":30}},"loc":{"start":{"line":66,"column":41},"end":{"line":68,"column":null}},"line":66},"5":{"name":"syncFile","decl":{"start":{"line":70,"column":9},"end":{"line":70,"column":17}},"loc":{"start":{"line":70,"column":42},"end":{"line":77,"column":null}},"line":70}},"branchMap":{"0":{"loc":{"start":{"line":9,"column":21},"end":{"line":9,"column":null}},"type":"cond-expr","locations":[{"start":{"line":9,"column":43},"end":{"line":9,"column":73}},{"start":{"line":9,"column":76},"end":{"line":9,"column":null}}],"line":9},"1":{"loc":{"start":{"line":28,"column":4},"end":{"line":31,"column":null}},"type":"if","locations":[{"start":{"line":28,"column":4},"end":{"line":31,"column":null}},{"start":{},"end":{}}],"line":28},"2":{"loc":{"start":{"line":33,"column":4},"end":{"line":35,"column":null}},"type":"if","locations":[{"start":{"line":33,"column":4},"end":{"line":35,"column":null}},{"start":{},"end":{}}],"line":33},"3":{"loc":{"start":{"line":42,"column":2},"end":{"line":44,"column":null}},"type":"if","locations":[{"start":{"line":42,"column":2},"end":{"line":44,"column":null}},{"start":{},"end":{}}],"line":42},"4":{"loc":{"start":{"line":48,"column":4},"end":{"line":50,"column":null}},"type":"if","locations":[{"start":{"line":48,"column":4},"end":{"line":50,"column":null}},{"start":{},"end":{}}],"line":48},"5":{"loc":{"start":{"line":48,"column":8},"end":{"line":48,"column":49}},"type":"binary-expr","locations":[{"start":{"line":48,"column":8},"end":{"line":48,"column":17}},{"start":{"line":48,"column":21},"end":{"line":48,"column":49}}],"line":48},"6":{"loc":{"start":{"line":52,"column":4},"end":{"line":54,"column":null}},"type":"if","locations":[{"start":{"line":52,"column":4},"end":{"line":54,"column":null}},{"start":{},"end":{}}],"line":52},"7":{"loc":{"start":{"line":52,"column":8},"end":{"line":52,"column":61}},"type":"binary-expr","locations":[{"start":{"line":52,"column":8},"end":{"line":52,"column":23}},{"start":{"line":52,"column":27},"end":{"line":52,"column":61}}],"line":52},"8":{"loc":{"start":{"line":71,"column":2},"end":{"line":73,"column":null}},"type":"if","locations":[{"start":{"line":71,"column":2},"end":{"line":73,"column":null}},{"start":{},"end":{}}],"line":71},"9":{"loc":{"start":{"line":81,"column":0},"end":{"line":84,"column":null}},"type":"if","locations":[{"start":{"line":81,"column":0},"end":{"line":84,"column":null}},{"start":{},"end":{}}],"line":81},"10":{"loc":{"start":{"line":96,"column":2},"end":{"line":98,"column":null}},"type":"if","locations":[{"start":{"line":96,"column":2},"end":{"line":98,"column":null}},{"start":{},"end":{}}],"line":96},"11":{"loc":{"start":{"line":102,"column":22},"end":{"line":102,"column":null}},"type":"cond-expr","locations":[{"start":{"line":102,"column":48},"end":{"line":102,"column":68}},{"start":{"line":102,"column":71},"end":{"line":102,"column":null}}],"line":102},"12":{"loc":{"start":{"line":104,"column":23},"end":{"line":104,"column":null}},"type":"binary-expr","locations":[{"start":{"line":104,"column":23},"end":{"line":104,"column":49}},{"start":{"line":104,"column":53},"end":{"line":104,"column":null}}],"line":104},"13":{"loc":{"start":{"line":106,"column":2},"end":{"line":112,"column":null}},"type":"if","locations":[{"start":{"line":106,"column":2},"end":{"line":112,"column":null}},{"start":{},"end":{}}],"line":106},"14":{"loc":{"start":{"line":114,"column":22},"end":{"line":114,"column":null}},"type":"binary-expr","locations":[{"start":{"line":114,"column":22},"end":{"line":114,"column":43}},{"start":{"line":114,"column":47},"end":{"line":114,"column":null}}],"line":114},"15":{"loc":{"start":{"line":116,"column":2},"end":{"line":121,"column":null}},"type":"if","locations":[{"start":{"line":116,"column":2},"end":{"line":121,"column":null}},{"start":{},"end":{}}],"line":116},"16":{"loc":{"start":{"line":116,"column":6},"end":{"line":116,"column":35}},"type":"binary-expr","locations":[{"start":{"line":116,"column":6},"end":{"line":116,"column":20}},{"start":{"line":116,"column":24},"end":{"line":116,"column":35}}],"line":116},"17":{"loc":{"start":{"line":132,"column":0},"end":{"line":167,"column":null}},"type":"if","locations":[{"start":{"line":132,"column":0},"end":{"line":167,"column":null}},{"start":{},"end":{}}],"line":132},"18":{"loc":{"start":{"line":137,"column":4},"end":{"line":139,"column":null}},"type":"if","locations":[{"start":{"line":137,"column":4},"end":{"line":139,"column":null}},{"start":{},"end":{}}],"line":137},"19":{"loc":{"start":{"line":137,"column":8},"end":{"line":137,"column":94}},"type":"binary-expr","locations":[{"start":{"line":137,"column":8},"end":{"line":137,"column":42}},{"start":{"line":137,"column":46},"end":{"line":137,"column":94}}],"line":137},"20":{"loc":{"start":{"line":143,"column":24},"end":{"line":143,"column":null}},"type":"cond-expr","locations":[{"start":{"line":143,"column":50},"end":{"line":143,"column":70}},{"start":{"line":143,"column":73},"end":{"line":143,"column":null}}],"line":143},"21":{"loc":{"start":{"line":145,"column":25},"end":{"line":145,"column":null}},"type":"binary-expr","locations":[{"start":{"line":145,"column":25},"end":{"line":145,"column":51}},{"start":{"line":145,"column":55},"end":{"line":145,"column":null}}],"line":145},"22":{"loc":{"start":{"line":147,"column":4},"end":{"line":153,"column":null}},"type":"if","locations":[{"start":{"line":147,"column":4},"end":{"line":153,"column":null}},{"start":{},"end":{}}],"line":147},"23":{"loc":{"start":{"line":155,"column":24},"end":{"line":155,"column":null}},"type":"binary-expr","locations":[{"start":{"line":155,"column":24},"end":{"line":155,"column":45}},{"start":{"line":155,"column":49},"end":{"line":155,"column":null}}],"line":155},"24":{"loc":{"start":{"line":157,"column":4},"end":{"line":162,"column":null}},"type":"if","locations":[{"start":{"line":157,"column":4},"end":{"line":162,"column":null}},{"start":{},"end":{}}],"line":157},"25":{"loc":{"start":{"line":157,"column":8},"end":{"line":157,"column":37}},"type":"binary-expr","locations":[{"start":{"line":157,"column":8},"end":{"line":157,"column":22}},{"start":{"line":157,"column":26},"end":{"line":157,"column":37}}],"line":157},"26":{"loc":{"start":{"line":171,"column":2},"end":{"line":173,"column":null}},"type":"if","locations":[{"start":{"line":171,"column":2},"end":{"line":173,"column":null}},{"start":{},"end":{}}],"line":171},"27":{"loc":{"start":{"line":177,"column":22},"end":{"line":177,"column":null}},"type":"cond-expr","locations":[{"start":{"line":177,"column":48},"end":{"line":177,"column":68}},{"start":{"line":177,"column":71},"end":{"line":177,"column":null}}],"line":177},"28":{"loc":{"start":{"line":179,"column":23},"end":{"line":179,"column":null}},"type":"binary-expr","locations":[{"start":{"line":179,"column":23},"end":{"line":179,"column":49}},{"start":{"line":179,"column":53},"end":{"line":179,"column":null}}],"line":179},"29":{"loc":{"start":{"line":181,"column":2},"end":{"line":187,"column":null}},"type":"if","locations":[{"start":{"line":181,"column":2},"end":{"line":187,"column":null}},{"start":{},"end":{}}],"line":181},"30":{"loc":{"start":{"line":189,"column":22},"end":{"line":189,"column":null}},"type":"binary-expr","locations":[{"start":{"line":189,"column":22},"end":{"line":189,"column":43}},{"start":{"line":189,"column":47},"end":{"line":189,"column":null}}],"line":189},"31":{"loc":{"start":{"line":191,"column":2},"end":{"line":196,"column":null}},"type":"if","locations":[{"start":{"line":191,"column":2},"end":{"line":196,"column":null}},{"start":{},"end":{}}],"line":191},"32":{"loc":{"start":{"line":191,"column":6},"end":{"line":191,"column":35}},"type":"binary-expr","locations":[{"start":{"line":191,"column":6},"end":{"line":191,"column":20}},{"start":{"line":191,"column":24},"end":{"line":191,"column":35}}],"line":191},"33":{"loc":{"start":{"line":263,"column":2},"end":{"line":265,"column":null}},"type":"if","locations":[{"start":{"line":263,"column":2},"end":{"line":265,"column":null}},{"start":{},"end":{}}],"line":263},"34":{"loc":{"start":{"line":279,"column":0},"end":{"line":283,"column":null}},"type":"if","locations":[{"start":{"line":279,"column":0},"end":{"line":283,"column":null}},{"start":{},"end":{}}],"line":279},"35":{"loc":{"start":{"line":279,"column":3},"end":{"line":279,"column":60}},"type":"binary-expr","locations":[{"start":{"line":279,"column":3},"end":{"line":279,"column":30}},{"start":{"line":279,"column":34},"end":{"line":279,"column":60}}],"line":279},"36":{"loc":{"start":{"line":285,"column":0},"end":{"line":287,"column":null}},"type":"if","locations":[{"start":{"line":285,"column":0},"end":{"line":287,"column":null}},{"start":{},"end":{}}],"line":285},"37":{"loc":{"start":{"line":289,"column":18},"end":{"line":289,"column":null}},"type":"cond-expr","locations":[{"start":{"line":289,"column":35},"end":{"line":289,"column":42}},{"start":{"line":289,"column":45},"end":{"line":289,"column":null}}],"line":289},"38":{"loc":{"start":{"line":289,"column":45},"end":{"line":289,"column":null}},"type":"cond-expr","locations":[{"start":{"line":289,"column":54},"end":{"line":289,"column":63}},{"start":{"line":289,"column":66},"end":{"line":289,"column":null}}],"line":289}},"s":{"0":0,"1":0,"2":0,"3":0,"4":0,"5":0,"6":0,"7":0,"8":0,"9":0,"10":0,"11":0,"12":0,"13":0,"14":0,"15":0,"16":0,"17":0,"18":0,"19":0,"20":0,"21":0,"22":0,"23":0,"24":0,"25":0,"26":0,"27":0,"28":0,"29":0,"30":0,"31":0,"32":0,"33":0,"34":0,"35":0,"36":0,"37":0,"38":0,"39":0,"40":0,"41":0,"42":0,"43":0,"44":0,"45":0,"46":0,"47":0,"48":0,"49":0,"50":0,"51":0,"52":0,"53":0,"54":0,"55":0,"56":0,"57":0,"58":0,"59":0,"60":0,"61":0,"62":0,"63":0,"64":0,"65":0,"66":0,"67":0,"68":0,"69":0,"70":0,"71":0,"72":0,"73":0,"74":0,"75":0,"76":0,"77":0,"78":0,"79":0,"80":0,"81":0,"82":0,"83":0,"84":0,"85":0,"86":0,"87":0,"88":0,"89":0,"90":0,"91":0,"92":0,"93":0,"94":0,"95":0,"96":0,"97":0,"98":0,"99":0,"100":0,"101":0,"102":0,"103":0,"104":0,"105":0,"106":0,"107":0,"108":0,"109":0,"110":0,"111":0,"112":0,"113":0,"114":0,"115":0,"116":0,"117":0,"118":0,"119":0,"120":0,"121":0,"122":0,"123":0,"124":0,"125":0,"126":0,"127":0,"128":0,"129":0,"130":0,"131":0,"132":0,"133":0,"134":0,"135":0,"136":0,"137":0,"138":0,"139":0,"140":0,"141":0,"142":0},"f":{"0":0,"1":0,"2":0,"3":0,"4":0,"5":0},"b":{"0":[0,0],"1":[0,0],"2":[0,0],"3":[0,0],"4":[0,0],"5":[0,0],"6":[0,0],"7":[0,0],"8":[0,0],"9":[0,0],"10":[0,0],"11":[0,0],"12":[0,0],"13":[0,0],"14":[0,0],"15":[0,0],"16":[0,0],"17":[0,0],"18":[0,0],"19":[0,0],"20":[0,0],"21":[0,0],"22":[0,0],"23":[0,0],"24":[0,0],"25":[0,0],"26":[0,0],"27":[0,0],"28":[0,0],"29":[0,0],"30":[0,0],"31":[0,0],"32":[0,0],"33":[0,0],"34":[0,0],"35":[0,0],"36":[0,0],"37":[0,0],"38":[0,0]},"meta":{"lastBranch":39,"lastFunction":6,"lastStatement":143,"seen":{"s:6:17:6:Infinity":0,"s:7:19:7:Infinity":1,"s:8:23:8:Infinity":2,"s:9:21:9:Infinity":3,"b:9:43:9:73:9:76:9:Infinity":0,"s:10:23:10:Infinity":4,"s:11:20:11:Infinity":5,"s:12:30:12:Infinity":6,"s:13:13:13:Infinity":7,"s:14:23:14:Infinity":8,"s:15:15:15:Infinity":9,"f:17:9:17:17":0,"s:18:18:18:Infinity":10,"s:19:2:19:Infinity":11,"f:22:9:22:21":1,"s:23:17:23:Infinity":12,"s:24:16:24:Infinity":13,"s:26:2:36:Infinity":14,"s:27:21:27:Infinity":15,"b:28:4:31:Infinity:undefined:undefined:undefined:undefined":1,"s:28:4:31:Infinity":16,"s:29:6:29:Infinity":17,"s:30:6:30:Infinity":18,"b:33:4:35:Infinity:undefined:undefined:undefined:undefined":2,"s:33:4:35:Infinity":19,"s:34:6:34:Infinity":20,"s:38:2:38:Infinity":21,"f:41:9:41:21":2,"b:42:2:44:Infinity:undefined:undefined:undefined:undefined":3,"s:42:2:44:Infinity":22,"s:43:4:43:Infinity":23,"s:46:2:59:Infinity":24,"s:47:21:47:Infinity":25,"b:48:4:50:Infinity:undefined:undefined:undefined:undefined":4,"s:48:4:50:Infinity":26,"b:48:8:48:17:48:21:48:49":5,"s:49:6:49:Infinity":27,"b:52:4:54:Infinity:undefined:undefined:undefined:undefined":6,"s:52:4:54:Infinity":28,"b:52:8:52:23:52:27:52:61":7,"s:53:6:53:Infinity":29,"s:56:4:56:Infinity":30,"s:58:4:58:Infinity":31,"f:62:9:62:22":3,"s:63:1:63:Infinity":32,"f:66:9:66:30":4,"s:67:1:67:Infinity":33,"f:70:9:70:17":5,"b:71:2:73:Infinity:undefined:undefined:undefined:undefined":8,"s:71:2:73:Infinity":34,"s:72:4:72:Infinity":35,"s:75:2:75:Infinity":36,"s:76:1:76:Infinity":37,"s:79:18:79:Infinity":38,"b:81:0:84:Infinity:undefined:undefined:undefined:undefined":9,"s:81:0:84:Infinity":39,"s:82:2:82:Infinity":40,"s:83:2:83:Infinity":41,"s:86:17:86:Infinity":42,"s:87:20:87:Infinity":43,"s:88:13:88:Infinity":44,"s:89:14:89:Infinity":45,"s:90:12:90:Infinity":46,"s:94:0:125:Infinity":47,"s:95:22:95:Infinity":48,"b:96:2:98:Infinity:undefined:undefined:undefined:undefined":10,"s:96:2:98:Infinity":49,"s:97:4:97:Infinity":50,"s:100:20:100:Infinity":51,"s:101:21:101:Infinity":52,"s:102:22:102:Infinity":53,"b:102:48:102:68:102:71:102:Infinity":11,"s:103:21:103:Infinity":54,"s:104:23:104:Infinity":55,"b:104:23:104:49:104:53:104:Infinity":12,"b:106:2:112:Infinity:undefined:undefined:undefined:undefined":13,"s:106:2:112:Infinity":56,"s:107:4:107:Infinity":57,"s:108:4:108:Infinity":58,"s:109:4:109:Infinity":59,"s:110:4:110:Infinity":60,"s:111:4:111:Infinity":61,"s:114:22:114:Infinity":62,"b:114:22:114:43:114:47:114:Infinity":14,"b:116:2:121:Infinity:undefined:undefined:undefined:undefined":15,"s:116:2:121:Infinity":63,"b:116:6:116:20:116:24:116:35":16,"s:117:4:117:Infinity":64,"s:118:4:118:Infinity":65,"s:119:4:119:Infinity":66,"s:120:4:120:Infinity":67,"s:123:2:123:Infinity":68,"s:124:2:124:Infinity":69,"s:129:25:129:Infinity":70,"s:130:25:130:Infinity":71,"b:132:0:167:Infinity:undefined:undefined:undefined:undefined":17,"s:132:0:167:Infinity":72,"s:133:24:133:Infinity":73,"s:135:2:166:Infinity":74,"s:136:24:136:Infinity":75,"b:137:4:139:Infinity:undefined:undefined:undefined:undefined":18,"s:137:4:139:Infinity":76,"b:137:8:137:42:137:46:137:94":19,"s:138:6:138:Infinity":77,"s:141:22:141:Infinity":78,"s:142:23:142:Infinity":79,"s:143:24:143:Infinity":80,"b:143:50:143:70:143:73:143:Infinity":20,"s:144:23:144:Infinity":81,"s:145:25:145:Infinity":82,"b:145:25:145:51:145:55:145:Infinity":21,"b:147:4:153:Infinity:undefined:undefined:undefined:undefined":22,"s:147:4:153:Infinity":83,"s:148:6:148:Infinity":84,"s:149:6:149:Infinity":85,"s:150:6:150:Infinity":86,"s:151:6:151:Infinity":87,"s:152:6:152:Infinity":88,"s:155:24:155:Infinity":89,"b:155:24:155:45:155:49:155:Infinity":23,"b:157:4:162:Infinity:undefined:undefined:undefined:undefined":24,"s:157:4:162:Infinity":90,"b:157:8:157:22:157:26:157:37":25,"s:158:6:158:Infinity":91,"s:159:6:159:Infinity":92,"s:160:6:160:Infinity":93,"s:161:6:161:Infinity":94,"s:164:4:164:Infinity":95,"s:165:4:165:Infinity":96,"s:169:0:200:Infinity":97,"s:170:20:170:Infinity":98,"b:171:2:173:Infinity:undefined:undefined:undefined:undefined":26,"s:171:2:173:Infinity":99,"s:172:4:172:Infinity":100,"s:175:20:175:Infinity":101,"s:176:21:176:Infinity":102,"s:177:22:177:Infinity":103,"b:177:48:177:68:177:71:177:Infinity":27,"s:178:21:178:Infinity":104,"s:179:23:179:Infinity":105,"b:179:23:179:49:179:53:179:Infinity":28,"b:181:2:187:Infinity:undefined:undefined:undefined:undefined":29,"s:181:2:187:Infinity":106,"s:182:4:182:Infinity":107,"s:183:4:183:Infinity":108,"s:184:4:184:Infinity":109,"s:185:4:185:Infinity":110,"s:186:4:186:Infinity":111,"s:189:22:189:Infinity":112,"b:189:22:189:43:189:47:189:Infinity":30,"b:191:2:196:Infinity:undefined:undefined:undefined:undefined":31,"s:191:2:196:Infinity":113,"b:191:6:191:20:191:24:191:35":32,"s:192:4:192:Infinity":114,"s:193:4:193:Infinity":115,"s:194:4:194:Infinity":116,"s:195:4:195:Infinity":117,"s:198:2:198:Infinity":118,"s:199:2:199:Infinity":119,"s:204:24:254:Infinity":120,"s:256:21:256:Infinity":121,"s:257:17:257:Infinity":122,"s:259:0:271:Infinity":123,"s:260:20:260:Infinity":124,"s:261:21:261:Infinity":125,"b:263:2:265:Infinity:undefined:undefined:undefined:undefined":33,"s:263:2:265:Infinity":126,"s:264:4:264:Infinity":127,"s:267:2:267:Infinity":128,"s:268:1:268:Infinity":129,"s:269:2:269:Infinity":130,"s:270:2:270:Infinity":131,"s:275:22:275:Infinity":132,"s:276:21:276:Infinity":133,"s:277:22:277:Infinity":134,"b:279:0:283:Infinity:undefined:undefined:undefined:undefined":34,"s:279:0:283:Infinity":135,"b:279:3:279:30:279:34:279:60":35,"s:280:1:280:Infinity":136,"s:281:2:281:Infinity":137,"s:282:2:282:Infinity":138,"b:285:0:287:Infinity:undefined:undefined:undefined:undefined":36,"s:285:0:287:Infinity":139,"s:286:2:286:Infinity":140,"s:289:18:289:Infinity":141,"b:289:35:289:42:289:45:289:Infinity":37,"b:289:54:289:63:289:66:289:Infinity":38,"s:290:0:290:Infinity":142},"fnNames":{}}}
,"/Users/aldrichallenbarcenas/develop/ai-workflow-template/scripts/mcp/playwright-mcp-launcher.js": {"path":"/Users/aldrichallenbarcenas/develop/ai-workflow-template/scripts/mcp/playwright-mcp-launcher.js","statementMap":{"0":{"start":{"line":9,"column":18},"end":{"line":9,"column":42}},"1":{"start":{"line":10,"column":13},"end":{"line":10,"column":28}},"2":{"start":{"line":13,"column":17},"end":{"line":13,"column":48}},"3":{"start":{"line":14,"column":15},"end":{"line":14,"column":70}},"4":{"start":{"line":17,"column":13},"end":{"line":17,"column":39}},"5":{"start":{"line":20,"column":0},"end":{"line":22,"column":null}},"6":{"start":{"line":21,"column":2},"end":{"line":21,"column":null}},"7":{"start":{"line":25,"column":0},"end":{"line":27,"column":null}},"8":{"start":{"line":26,"column":2},"end":{"line":26,"column":null}},"9":{"start":{"line":30,"column":14},"end":{"line":33,"column":2}},"10":{"start":{"line":36,"column":0},"end":{"line":38,"column":null}},"11":{"start":{"line":37,"column":2},"end":{"line":37,"column":null}},"12":{"start":{"line":40,"column":0},"end":{"line":42,"column":null}},"13":{"start":{"line":41,"column":2},"end":{"line":41,"column":null}},"14":{"start":{"line":44,"column":0},"end":{"line":46,"column":null}},"15":{"start":{"line":45,"column":2},"end":{"line":45,"column":null}}},"fnMap":{"0":{"name":"(anonymous_0)","decl":{"start":{"line":36,"column":21},"end":{"line":36,"column":22}},"loc":{"start":{"line":36,"column":27},"end":{"line":38,"column":1}},"line":36},"1":{"name":"(anonymous_1)","decl":{"start":{"line":40,"column":22},"end":{"line":40,"column":23}},"loc":{"start":{"line":40,"column":28},"end":{"line":42,"column":1}},"line":40},"2":{"name":"(anonymous_2)","decl":{"start":{"line":44,"column":17},"end":{"line":44,"column":18}},"loc":{"start":{"line":44,"column":27},"end":{"line":46,"column":1}},"line":44}},"branchMap":{"0":{"loc":{"start":{"line":14,"column":15},"end":{"line":14,"column":70}},"type":"cond-expr","locations":[{"start":{"line":14,"column":37},"end":{"line":14,"column":66}},{"start":{"line":14,"column":69},"end":{"line":14,"column":70}}],"line":14},"1":{"loc":{"start":{"line":20,"column":0},"end":{"line":22,"column":null}},"type":"if","locations":[{"start":{"line":20,"column":0},"end":{"line":22,"column":null}},{"start":{},"end":{}}],"line":20},"2":{"loc":{"start":{"line":25,"column":0},"end":{"line":27,"column":null}},"type":"if","locations":[{"start":{"line":25,"column":0},"end":{"line":27,"column":null}},{"start":{},"end":{}}],"line":25},"3":{"loc":{"start":{"line":45,"column":15},"end":{"line":45,"column":24}},"type":"binary-expr","locations":[{"start":{"line":45,"column":15},"end":{"line":45,"column":19}},{"start":{"line":45,"column":23},"end":{"line":45,"column":24}}],"line":45}},"s":{"0":0,"1":0,"2":0,"3":0,"4":0,"5":0,"6":0,"7":0,"8":0,"9":0,"10":0,"11":0,"12":0,"13":0,"14":0,"15":0},"f":{"0":0,"1":0,"2":0},"b":{"0":[0,0],"1":[0,0],"2":[0,0],"3":[0,0]},"meta":{"lastBranch":4,"lastFunction":3,"lastStatement":16,"seen":{"s:9:18:9:42":0,"s:10:13:10:28":1,"s:13:17:13:48":2,"s:14:15:14:70":3,"b:14:37:14:66:14:69:14:70":0,"s:17:13:17:39":4,"b:20:0:22:Infinity:undefined:undefined:undefined:undefined":1,"s:20:0:22:Infinity":5,"s:21:2:21:Infinity":6,"b:25:0:27:Infinity:undefined:undefined:undefined:undefined":2,"s:25:0:27:Infinity":7,"s:26:2:26:Infinity":8,"s:30:14:33:2":9,"s:36:0:38:Infinity":10,"f:36:21:36:22":0,"s:37:2:37:Infinity":11,"s:40:0:42:Infinity":12,"f:40:22:40:23":1,"s:41:2:41:Infinity":13,"s:44:0:46:Infinity":14,"f:44:17:44:18":2,"s:45:2:45:Infinity":15,"b:45:15:45:19:45:23:45:24":3},"fnNames":{}}}
}
